2025-02-13 16:41:26.975 [info] Reading sessions from keychain...
2025-02-13 16:41:26.975 [info] Getting sessions for all scopes...
2025-02-13 16:41:26.975 [info] Getting sessions for all scopes...
2025-02-13 16:41:26.975 [info] Getting sessions for all scopes...
2025-02-13 16:41:26.975 [info] Got 0 sessions for ...
2025-02-13 16:41:26.975 [info] Got 0 sessions for ...
2025-02-13 16:41:26.975 [info] Got 0 sessions for ...
2025-02-13 16:41:26.990 [info] Getting sessions for all scopes...
2025-02-13 16:41:26.990 [info] Got 0 sessions for ...
2025-02-13 16:41:26.991 [info] Getting sessions for all scopes...
2025-02-13 16:41:26.991 [info] Got 0 sessions for ...
2025-02-13 16:41:26.991 [info] Getting sessions for all scopes...
2025-02-13 16:41:26.991 [info] Got 0 sessions for ...
2025-02-13 16:41:26.992 [info] Getting sessions for all scopes...
2025-02-13 16:41:26.992 [info] Got 0 sessions for ...
2025-02-13 16:41:26.992 [info] Getting sessions for all scopes...
2025-02-13 16:41:26.992 [info] Got 0 sessions for ...
2025-02-13 16:41:28.444 [info] Getting sessions for all scopes...
2025-02-13 16:41:28.444 [info] Got 0 sessions for ...
2025-02-13 16:41:49.476 [info] Getting sessions for user:email...
2025-02-13 16:41:49.476 [info] Got 0 sessions for user:email...
2025-02-13 16:42:39.526 [info] Logging in with 'any' account...
2025-02-13 16:42:39.526 [info] Logging in for the following scopes: user:email
2025-02-13 16:42:39.615 [info] Trying without local server... (user:email)
