2025-02-13 14:13:50.895 [info] Reading sessions from keychain...
2025-02-13 14:13:50.895 [info] Getting sessions for all scopes...
2025-02-13 14:13:50.895 [info] Getting sessions for all scopes...
2025-02-13 14:13:50.895 [info] Getting sessions for all scopes...
2025-02-13 14:13:50.895 [info] Got 0 sessions for ...
2025-02-13 14:13:50.895 [info] Got 0 sessions for ...
2025-02-13 14:13:50.895 [info] Got 0 sessions for ...
2025-02-13 14:13:51.479 [info] Getting sessions for all scopes...
2025-02-13 14:13:51.479 [info] Got 0 sessions for ...
2025-02-13 14:13:51.489 [info] Getting sessions for all scopes...
2025-02-13 14:13:51.489 [info] Got 0 sessions for ...
2025-02-13 14:13:51.489 [info] Getting sessions for all scopes...
2025-02-13 14:13:51.489 [info] Got 0 sessions for ...
2025-02-13 14:13:51.490 [info] Getting sessions for all scopes...
2025-02-13 14:13:51.490 [info] Got 0 sessions for ...
2025-02-13 14:13:51.490 [info] Getting sessions for all scopes...
2025-02-13 14:13:51.490 [info] Got 0 sessions for ...
2025-02-13 14:13:52.435 [info] Getting sessions for all scopes...
2025-02-13 14:13:52.436 [info] Got 0 sessions for ...
2025-02-13 14:14:09.137 [info] Getting sessions for user:email...
2025-02-13 14:14:09.137 [info] Got 0 sessions for user:email...
2025-02-13 14:14:11.505 [info] Logging in with 'any' account...
2025-02-13 14:14:11.505 [info] Logging in for the following scopes: user:email
2025-02-13 14:14:11.585 [info] Trying without local server... (user:email)
